running egg_info
creating ../build/path_generation/path_generation.egg-info
writing ../build/path_generation/path_generation.egg-info/PKG-INFO
writing dependency_links to ../build/path_generation/path_generation.egg-info/dependency_links.txt
writing entry points to ../build/path_generation/path_generation.egg-info/entry_points.txt
writing requirements to ../build/path_generation/path_generation.egg-info/requires.txt
writing top-level names to ../build/path_generation/path_generation.egg-info/top_level.txt
writing manifest file '../build/path_generation/path_generation.egg-info/SOURCES.txt'
reading manifest file '../build/path_generation/path_generation.egg-info/SOURCES.txt'
writing manifest file '../build/path_generation/path_generation.egg-info/SOURCES.txt'
running build
running build_py
creating /workspace/ros2_ws/src/build/path_generation/build
creating /workspace/ros2_ws/src/build/path_generation/build/lib
creating /workspace/ros2_ws/src/build/path_generation/build/lib/path_generation
copying path_generation/__init__.py -> /workspace/ros2_ws/src/build/path_generation/build/lib/path_generation
running install
running install_lib
creating /workspace/ros2_ws/src/install/path_generation/lib/python3.10/site-packages/path_generation
copying /workspace/ros2_ws/src/build/path_generation/build/lib/path_generation/__init__.py -> /workspace/ros2_ws/src/install/path_generation/lib/python3.10/site-packages/path_generation
byte-compiling /workspace/ros2_ws/src/install/path_generation/lib/python3.10/site-packages/path_generation/__init__.py to __init__.cpython-310.pyc
running install_data
creating /workspace/ros2_ws/src/install/path_generation/share/ament_index
creating /workspace/ros2_ws/src/install/path_generation/share/ament_index/resource_index
creating /workspace/ros2_ws/src/install/path_generation/share/ament_index/resource_index/packages
copying resource/path_generation -> /workspace/ros2_ws/src/install/path_generation/share/ament_index/resource_index/packages
copying package.xml -> /workspace/ros2_ws/src/install/path_generation/share/path_generation
running install_egg_info
Copying ../build/path_generation/path_generation.egg-info to /workspace/ros2_ws/src/install/path_generation/lib/python3.10/site-packages/path_generation-0.0.0-py3.10.egg-info
running install_scripts
writing list of installed files to '/workspace/ros2_ws/src/build/path_generation/install.log'
