[0.776s] Invoking command in '/workspace/ros2_ws/src/path_generation': PYTHONPATH=/workspace/ros2_ws/src/build/path_generation/prefix_override:/usr/lib/python3/dist-packages/colcon_core/task/python/colcon_distutils_commands:/workspace/ros2_ws/src/install/path_generation/lib/python3.10/site-packages:${PYTHONPATH} /usr/bin/python3 -W ignore:setup.py install is deprecated -W ignore:easy_install command is deprecated setup.py egg_info --egg-base ../build/path_generation build --build-base /workspace/ros2_ws/src/build/path_generation/build install --record /workspace/ros2_ws/src/build/path_generation/install.log --single-version-externally-managed install_data
[1.046s] running egg_info
[1.046s] creating ../build/path_generation/path_generation.egg-info
[1.047s] writing ../build/path_generation/path_generation.egg-info/PKG-INFO
[1.047s] writing dependency_links to ../build/path_generation/path_generation.egg-info/dependency_links.txt
[1.047s] writing entry points to ../build/path_generation/path_generation.egg-info/entry_points.txt
[1.047s] writing requirements to ../build/path_generation/path_generation.egg-info/requires.txt
[1.047s] writing top-level names to ../build/path_generation/path_generation.egg-info/top_level.txt
[1.047s] writing manifest file '../build/path_generation/path_generation.egg-info/SOURCES.txt'
[1.049s] reading manifest file '../build/path_generation/path_generation.egg-info/SOURCES.txt'
[1.050s] writing manifest file '../build/path_generation/path_generation.egg-info/SOURCES.txt'
[1.050s] running build
[1.051s] running build_py
[1.051s] creating /workspace/ros2_ws/src/build/path_generation/build
[1.051s] creating /workspace/ros2_ws/src/build/path_generation/build/lib
[1.051s] creating /workspace/ros2_ws/src/build/path_generation/build/lib/path_generation
[1.051s] copying path_generation/__init__.py -> /workspace/ros2_ws/src/build/path_generation/build/lib/path_generation
[1.051s] running install
[1.051s] running install_lib
[1.052s] creating /workspace/ros2_ws/src/install/path_generation/lib/python3.10/site-packages/path_generation
[1.052s] copying /workspace/ros2_ws/src/build/path_generation/build/lib/path_generation/__init__.py -> /workspace/ros2_ws/src/install/path_generation/lib/python3.10/site-packages/path_generation
[1.053s] byte-compiling /workspace/ros2_ws/src/install/path_generation/lib/python3.10/site-packages/path_generation/__init__.py to __init__.cpython-310.pyc
[1.054s] running install_data
[1.054s] creating /workspace/ros2_ws/src/install/path_generation/share/ament_index
[1.054s] creating /workspace/ros2_ws/src/install/path_generation/share/ament_index/resource_index
[1.054s] creating /workspace/ros2_ws/src/install/path_generation/share/ament_index/resource_index/packages
[1.054s] copying resource/path_generation -> /workspace/ros2_ws/src/install/path_generation/share/ament_index/resource_index/packages
[1.055s] copying package.xml -> /workspace/ros2_ws/src/install/path_generation/share/path_generation
[1.055s] running install_egg_info
[1.057s] Copying ../build/path_generation/path_generation.egg-info to /workspace/ros2_ws/src/install/path_generation/lib/python3.10/site-packages/path_generation-0.0.0-py3.10.egg-info
[1.058s] running install_scripts
[1.083s] writing list of installed files to '/workspace/ros2_ws/src/build/path_generation/install.log'
[1.108s] Invoked command in '/workspace/ros2_ws/src/path_generation' returned '0': PYTHONPATH=/workspace/ros2_ws/src/build/path_generation/prefix_override:/usr/lib/python3/dist-packages/colcon_core/task/python/colcon_distutils_commands:/workspace/ros2_ws/src/install/path_generation/lib/python3.10/site-packages:${PYTHONPATH} /usr/bin/python3 -W ignore:setup.py install is deprecated -W ignore:easy_install command is deprecated setup.py egg_info --egg-base ../build/path_generation build --build-base /workspace/ros2_ws/src/build/path_generation/build install --record /workspace/ros2_ws/src/build/path_generation/install.log --single-version-externally-managed install_data
